TN:
SF:src/advanced-task-runner.ts
FN:43,(anonymous_0)
FN:76,(anonymous_1)
FN:82,(anonymous_2)
FN:108,(anonymous_3)
FN:112,(anonymous_4)
FN:128,(anonymous_5)
FN:129,(anonymous_6)
FN:137,(anonymous_7)
FN:145,(anonymous_8)
FN:151,(anonymous_9)
FN:155,(anonymous_10)
FN:167,(anonymous_11)
FN:172,(anonymous_12)
FN:178,(anonymous_13)
FN:185,(anonymous_14)
FN:186,(anonymous_15)
FN:190,(anonymous_16)
FN:199,(anonymous_17)
FN:206,(anonymous_18)
FN:213,(anonymous_19)
FN:219,(anonymous_20)
FN:229,(anonymous_21)
FN:241,(anonymous_22)
FN:244,(anonymous_23)
FN:255,(anonymous_24)
FN:256,(anonymous_25)
FN:261,(anonymous_26)
FN:264,(anonymous_27)
FN:274,(anonymous_28)
FN:277,(anonymous_29)
FN:285,(anonymous_30)
FN:286,(anonymous_31)
FN:292,(anonymous_32)
FN:306,(anonymous_33)
FN:316,(anonymous_34)
FN:318,(anonymous_35)
FN:325,(anonymous_36)
FN:329,(anonymous_37)
FN:333,(anonymous_38)
FN:338,(anonymous_39)
FN:341,(anonymous_40)
FN:349,(anonymous_41)
FN:352,(anonymous_42)
FN:356,(anonymous_43)
FN:360,(anonymous_44)
FN:364,(anonymous_45)
FN:368,(anonymous_46)
FN:372,(anonymous_47)
FN:373,(anonymous_48)
FN:376,(anonymous_49)
FN:377,(anonymous_50)
FN:377,(anonymous_51)
FN:383,(anonymous_52)
FN:387,(anonymous_53)
FN:394,(anonymous_54)
FN:400,(anonymous_55)
FN:408,(anonymous_56)
FN:416,(anonymous_57)
FN:433,(anonymous_58)
FN:434,(anonymous_59)
FNF:60
FNH:0
FNDA:0,(anonymous_0)
FNDA:0,(anonymous_1)
FNDA:0,(anonymous_2)
FNDA:0,(anonymous_3)
FNDA:0,(anonymous_4)
FNDA:0,(anonymous_5)
FNDA:0,(anonymous_6)
FNDA:0,(anonymous_7)
FNDA:0,(anonymous_8)
FNDA:0,(anonymous_9)
FNDA:0,(anonymous_10)
FNDA:0,(anonymous_11)
FNDA:0,(anonymous_12)
FNDA:0,(anonymous_13)
FNDA:0,(anonymous_14)
FNDA:0,(anonymous_15)
FNDA:0,(anonymous_16)
FNDA:0,(anonymous_17)
FNDA:0,(anonymous_18)
FNDA:0,(anonymous_19)
FNDA:0,(anonymous_20)
FNDA:0,(anonymous_21)
FNDA:0,(anonymous_22)
FNDA:0,(anonymous_23)
FNDA:0,(anonymous_24)
FNDA:0,(anonymous_25)
FNDA:0,(anonymous_26)
FNDA:0,(anonymous_27)
FNDA:0,(anonymous_28)
FNDA:0,(anonymous_29)
FNDA:0,(anonymous_30)
FNDA:0,(anonymous_31)
FNDA:0,(anonymous_32)
FNDA:0,(anonymous_33)
FNDA:0,(anonymous_34)
FNDA:0,(anonymous_35)
FNDA:0,(anonymous_36)
FNDA:0,(anonymous_37)
FNDA:0,(anonymous_38)
FNDA:0,(anonymous_39)
FNDA:0,(anonymous_40)
FNDA:0,(anonymous_41)
FNDA:0,(anonymous_42)
FNDA:0,(anonymous_43)
FNDA:0,(anonymous_44)
FNDA:0,(anonymous_45)
FNDA:0,(anonymous_46)
FNDA:0,(anonymous_47)
FNDA:0,(anonymous_48)
FNDA:0,(anonymous_49)
FNDA:0,(anonymous_50)
FNDA:0,(anonymous_51)
FNDA:0,(anonymous_52)
FNDA:0,(anonymous_53)
FNDA:0,(anonymous_54)
FNDA:0,(anonymous_55)
FNDA:0,(anonymous_56)
FNDA:0,(anonymous_57)
FNDA:0,(anonymous_58)
FNDA:0,(anonymous_59)
DA:11,0
DA:23,0
DA:24,0
DA:26,0
DA:27,0
DA:33,0
DA:34,0
DA:35,0
DA:37,0
DA:38,0
DA:44,0
DA:45,0
DA:60,0
DA:68,0
DA:69,0
DA:72,0
DA:75,0
DA:76,0
DA:77,0
DA:83,0
DA:84,0
DA:88,0
DA:89,0
DA:91,0
DA:92,0
DA:93,0
DA:95,0
DA:96,0
DA:97,0
DA:100,0
DA:107,0
DA:108,0
DA:113,0
DA:114,0
DA:117,0
DA:121,0
DA:122,0
DA:124,0
DA:127,0
DA:128,0
DA:129,0
DA:134,0
DA:138,0
DA:139,0
DA:141,0
DA:142,0
DA:144,0
DA:145,0
DA:148,0
DA:149,0
DA:151,0
DA:152,0
DA:155,0
DA:156,0
DA:157,0
DA:161,0
DA:163,0
DA:164,0
DA:167,0
DA:168,0
DA:169,0
DA:172,0
DA:173,0
DA:177,0
DA:178,0
DA:182,0
DA:186,0
DA:187,0
DA:190,0
DA:191,0
DA:192,0
DA:196,0
DA:200,0
DA:201,0
DA:202,0
DA:207,0
DA:208,0
DA:209,0
DA:214,0
DA:215,0
DA:216,0
DA:220,0
DA:221,0
DA:223,0
DA:224,0
DA:225,0
DA:226,0
DA:230,0
DA:242,0
DA:244,0
DA:245,0
DA:246,0
DA:247,0
DA:249,0
DA:252,0
DA:256,0
DA:257,0
DA:258,0
DA:261,0
DA:262,0
DA:264,0
DA:265,0
DA:266,0
DA:270,0
DA:275,0
DA:277,0
DA:278,0
DA:279,0
DA:281,0
DA:284,0
DA:285,0
DA:286,0
DA:295,0
DA:296,0
DA:298,0
DA:306,0
DA:313,0
DA:314,0
DA:316,0
DA:319,0
DA:326,0
DA:330,0
DA:334,0
DA:338,0
DA:339,0
DA:342,0
DA:349,0
DA:353,0
DA:357,0
DA:361,0
DA:365,0
DA:369,0
DA:373,0
DA:377,0
DA:382,0
DA:384,0
DA:387,0
DA:389,0
DA:390,0
DA:394,0
DA:395,0
DA:396,0
DA:399,0
DA:400,0
DA:401,0
DA:402,0
DA:408,0
DA:409,0
DA:410,0
DA:417,0
DA:418,0
DA:421,0
DA:425,0
DA:426,0
DA:428,0
DA:432,0
DA:433,0
DA:434,0
DA:439,0
DA:441,0
LF:160
LH:0
BRDA:43,0,0,0
BRDA:61,1,0,0
BRDA:61,1,1,0
BRDA:62,2,0,0
BRDA:62,2,1,0
BRDA:63,3,0,0
BRDA:63,3,1,0
BRDA:64,4,0,0
BRDA:64,4,1,0
BRDA:65,5,0,0
BRDA:65,5,1,0
BRDA:68,6,0,0
BRDA:75,7,0,0
BRDA:82,8,0,0
BRDA:83,9,0,0
BRDA:91,10,0,0
BRDA:91,10,1,0
BRDA:93,11,0,0
BRDA:93,11,1,0
BRDA:107,12,0,0
BRDA:113,13,0,0
BRDA:121,14,0,0
BRDA:121,14,1,0
BRDA:121,15,0,0
BRDA:121,15,1,0
BRDA:142,16,0,0
BRDA:156,17,0,0
BRDA:167,18,0,0
BRDA:167,19,0,0
BRDA:167,19,1,0
BRDA:172,20,0,0
BRDA:172,21,0,0
BRDA:172,21,1,0
BRDA:177,22,0,0
BRDA:177,23,0,0
BRDA:177,23,1,0
BRDA:177,23,2,0
BRDA:191,24,0,0
BRDA:191,25,0,0
BRDA:191,25,1,0
BRDA:200,26,0,0
BRDA:207,27,0,0
BRDA:207,28,0,0
BRDA:207,28,1,0
BRDA:220,29,0,0
BRDA:245,30,0,0
BRDA:245,30,1,0
BRDA:246,31,0,0
BRDA:257,32,0,0
BRDA:265,33,0,0
BRDA:278,34,0,0
BRDA:296,35,0,0
BRDA:296,35,1,0
BRDA:305,36,0,0
BRDA:305,36,1,0
BRDA:306,37,0,0
BRDA:306,37,1,0
BRDA:318,38,0,0
BRDA:341,39,0,0
BRDA:383,40,0,0
BRDA:389,41,0,0
BRDA:389,42,0,0
BRDA:389,42,1,0
BRDA:395,43,0,0
BRDA:399,44,0,0
BRDA:399,45,0,0
BRDA:399,45,1,0
BRDA:401,46,0,0
BRDA:401,47,0,0
BRDA:401,47,1,0
BRDA:409,48,0,0
BRDA:417,49,0,0
BRDA:425,50,0,0
BRDA:425,50,1,0
BRDA:425,51,0,0
BRDA:425,51,1,0
BRF:76
BRH:0
end_of_record
TN:
SF:src/index.ts
FN:170,(anonymous_0)
FN:170,(anonymous_1)
FN:170,(anonymous_2)
FN:6,runTasks
FN:33,runTasksWithLogging
FN:61,runTasksWithSummary
FN:88,runTasksWithSummaryAndLogging
FN:118,(anonymous_7)
FN:119,(anonymous_8)
FN:120,(anonymous_9)
FN:121,(anonymous_10)
FN:125,runAdvancedTasks
FN:131,(anonymous_12)
FN:138,runPriorityTasks
FN:144,(anonymous_14)
FN:151,runTasksInBatches
FN:162,(anonymous_16)
FN:171,(anonymous_17)
FNF:18
FNH:0
FNDA:0,(anonymous_0)
FNDA:0,(anonymous_1)
FNDA:0,(anonymous_2)
FNDA:0,runTasks
FNDA:0,runTasksWithLogging
FNDA:0,runTasksWithSummary
FNDA:0,runTasksWithSummaryAndLogging
FNDA:0,(anonymous_7)
FNDA:0,(anonymous_8)
FNDA:0,(anonymous_9)
FNDA:0,(anonymous_10)
FNDA:0,runAdvancedTasks
FNDA:0,(anonymous_12)
FNDA:0,runPriorityTasks
FNDA:0,(anonymous_14)
FNDA:0,runTasksInBatches
FNDA:0,(anonymous_16)
FNDA:0,(anonymous_17)
DA:1,0
DA:3,0
DA:4,0
DA:6,0
DA:17,0
DA:19,0
DA:21,0
DA:30,0
DA:33,0
DA:45,0
DA:47,0
DA:49,0
DA:58,0
DA:61,0
DA:72,0
DA:74,0
DA:76,0
DA:85,0
DA:88,0
DA:100,0
DA:102,0
DA:104,0
DA:113,0
DA:117,0
DA:118,0
DA:119,0
DA:120,0
DA:121,0
DA:125,0
DA:129,0
DA:131,0
DA:132,0
DA:135,0
DA:138,0
DA:142,0
DA:144,0
DA:145,0
DA:148,0
DA:151,0
DA:156,0
DA:162,0
DA:163,0
DA:166,0
DA:170,0
DA:171,0
LF:45
LH:0
BRDA:8,0,0,0
BRDA:11,1,0,0
BRDA:12,2,0,0
BRDA:13,3,0,0
BRDA:14,4,0,0
BRDA:15,5,0,0
BRDA:27,6,0,0
BRDA:27,6,1,0
BRDA:35,7,0,0
BRDA:39,8,0,0
BRDA:40,9,0,0
BRDA:41,10,0,0
BRDA:42,11,0,0
BRDA:43,12,0,0
BRDA:47,13,0,0
BRDA:47,13,1,0
BRDA:55,14,0,0
BRDA:55,14,1,0
BRDA:63,15,0,0
BRDA:66,16,0,0
BRDA:67,17,0,0
BRDA:68,18,0,0
BRDA:69,19,0,0
BRDA:70,20,0,0
BRDA:82,21,0,0
BRDA:82,21,1,0
BRDA:90,22,0,0
BRDA:94,23,0,0
BRDA:95,24,0,0
BRDA:96,25,0,0
BRDA:97,26,0,0
BRDA:98,27,0,0
BRDA:102,28,0,0
BRDA:102,28,1,0
BRDA:110,29,0,0
BRDA:110,29,1,0
BRDA:127,30,0,0
BRDA:140,31,0,0
BRDA:154,32,0,0
BRDA:159,33,0,0
BRDA:159,33,1,0
BRF:41
BRH:0
end_of_record
TN:
SF:src/logger.ts
FN:6,(anonymous_0)
FN:10,(anonymous_1)
FN:16,(anonymous_2)
FN:22,(anonymous_3)
FN:28,(anonymous_4)
FN:32,(anonymous_5)
FN:37,(anonymous_6)
FN:38,(anonymous_7)
FN:39,(anonymous_8)
FN:40,(anonymous_9)
FNF:10
FNH:0
FNDA:0,(anonymous_0)
FNDA:0,(anonymous_1)
FNDA:0,(anonymous_2)
FNDA:0,(anonymous_3)
FNDA:0,(anonymous_4)
FNDA:0,(anonymous_5)
FNDA:0,(anonymous_6)
FNDA:0,(anonymous_7)
FNDA:0,(anonymous_8)
FNDA:0,(anonymous_9)
DA:3,0
DA:7,0
DA:11,0
DA:12,0
DA:17,0
DA:18,0
DA:23,0
DA:24,0
DA:29,0
DA:33,0
DA:37,0
LF:11
LH:0
BRDA:6,0,0,0
BRDA:11,1,0,0
BRDA:17,2,0,0
BRDA:23,3,0,0
BRF:4
BRH:0
end_of_record
TN:
SF:src/summary.ts
FN:3,generateExecutionSummary
FN:8,(anonymous_1)
FN:9,(anonymous_2)
FN:10,(anonymous_3)
FN:12,(anonymous_4)
FN:15,(anonymous_5)
FN:16,(anonymous_6)
FN:18,(anonymous_7)
FN:38,aggregateErrors
FN:47,(anonymous_9)
FN:72,(anonymous_10)
FN:98,(anonymous_11)
FN:102,(anonymous_12)
FN:103,(anonymous_13)
FN:104,(anonymous_14)
FN:105,(anonymous_15)
FN:108,formatSummary
FN:135,(anonymous_17)
FNF:18
FNH:0
FNDA:0,generateExecutionSummary
FNDA:0,(anonymous_1)
FNDA:0,(anonymous_2)
FNDA:0,(anonymous_3)
FNDA:0,(anonymous_4)
FNDA:0,(anonymous_5)
FNDA:0,(anonymous_6)
FNDA:0,(anonymous_7)
FNDA:0,aggregateErrors
FNDA:0,(anonymous_9)
FNDA:0,(anonymous_10)
FNDA:0,(anonymous_11)
FNDA:0,(anonymous_12)
FNDA:0,(anonymous_13)
FNDA:0,(anonymous_14)
FNDA:0,(anonymous_15)
FNDA:0,formatSummary
FNDA:0,(anonymous_17)
DA:1,0
DA:3,0
DA:8,0
DA:9,0
DA:10,0
DA:12,0
DA:14,0
DA:15,0
DA:16,0
DA:18,0
DA:19,0
DA:21,0
DA:23,0
DA:39,0
DA:47,0
DA:48,0
DA:50,0
DA:51,0
DA:52,0
DA:53,0
DA:55,0
DA:56,0
DA:65,0
DA:66,0
DA:67,0
DA:68,0
DA:71,0
DA:72,0
DA:73,0
DA:74,0
DA:75,0
DA:76,0
DA:78,0
DA:79,0
DA:88,0
DA:89,0
DA:90,0
DA:91,0
DA:93,0
DA:98,0
DA:102,0
DA:103,0
DA:104,0
DA:105,0
DA:108,0
DA:109,0
DA:111,0
DA:112,0
DA:113,0
DA:116,0
DA:117,0
DA:118,0
DA:119,0
DA:120,0
DA:121,0
DA:124,0
DA:125,0
DA:126,0
DA:127,0
DA:128,0
DA:129,0
DA:130,0
DA:133,0
DA:134,0
DA:135,0
DA:136,0
DA:137,0
DA:138,0
DA:139,0
DA:140,0
DA:141,0
DA:142,0
DA:144,0
DA:145,0
DA:148,0
DA:152,0
DA:153,0
DA:154,0
DA:156,0
LF:79
LH:0
BRDA:12,0,0,0
BRDA:12,0,1,0
BRDA:19,1,0,0
BRDA:19,1,1,0
BRDA:48,2,0,0
BRDA:50,3,0,0
BRDA:50,3,1,0
BRDA:51,4,0,0
BRDA:51,4,1,0
BRDA:55,5,0,0
BRDA:71,6,0,0
BRDA:73,7,0,0
BRDA:73,7,1,0
BRDA:74,8,0,0
BRDA:74,8,1,0
BRDA:78,9,0,0
BRDA:90,10,0,0
BRDA:133,11,0,0
BRDA:136,12,0,0
BRDA:136,12,1,0
BRDA:141,13,0,0
BRDA:144,14,0,0
BRDA:153,15,0,0
BRDA:153,15,1,0
BRF:24
BRH:0
end_of_record
TN:
SF:src/task-runner.ts
FN:10,(anonymous_0)
FN:22,(anonymous_1)
FN:31,(anonymous_2)
FN:32,(anonymous_3)
FN:35,(anonymous_4)
FN:46,(anonymous_5)
FN:166,(anonymous_6)
FN:178,(anonymous_7)
FN:179,(anonymous_8)
FN:180,(anonymous_9)
FN:187,(anonymous_10)
FNF:11
FNH:0
FNDA:0,(anonymous_0)
FNDA:0,(anonymous_1)
FNDA:0,(anonymous_2)
FNDA:0,(anonymous_3)
FNDA:0,(anonymous_4)
FNDA:0,(anonymous_5)
FNDA:0,(anonymous_6)
FNDA:0,(anonymous_7)
FNDA:0,(anonymous_8)
FNDA:0,(anonymous_9)
FNDA:0,(anonymous_10)
DA:1,0
DA:2,0
DA:3,0
DA:4,0
DA:6,0
DA:11,0
DA:19,0
DA:23,0
DA:24,0
DA:27,0
DA:28,0
DA:32,0
DA:36,0
DA:37,0
DA:40,0
DA:42,0
DA:43,0
DA:44,0
DA:46,0
DA:47,0
DA:48,0
DA:56,0
DA:58,0
DA:59,0
DA:61,0
DA:62,0
DA:64,0
DA:65,0
DA:66,0
DA:67,0
DA:68,0
DA:74,0
DA:75,0
DA:77,0
DA:78,0
DA:79,0
DA:81,0
DA:82,0
DA:85,0
DA:86,0
DA:89,0
DA:91,0
DA:92,0
DA:95,0
DA:103,0
DA:104,0
DA:107,0
DA:108,0
DA:111,0
DA:112,0
DA:114,0
DA:115,0
DA:117,0
DA:118,0
DA:119,0
DA:128,0
DA:129,0
DA:131,0
DA:134,0
DA:135,0
DA:137,0
DA:143,0
DA:145,0
DA:154,0
DA:155,0
DA:158,0
DA:161,0
DA:162,0
DA:163,0
DA:164,0
DA:166,0
DA:167,0
DA:170,0
DA:173,0
DA:174,0
DA:178,0
DA:179,0
DA:180,0
DA:182,0
DA:184,0
DA:188,0
DA:189,0
DA:190,0
DA:193,0
DA:194,0
DA:195,0
DA:197,0
LF:87
LH:0
BRDA:12,0,0,0
BRDA:12,0,1,0
BRDA:13,1,0,0
BRDA:13,1,1,0
BRDA:14,2,0,0
BRDA:14,2,1,0
BRDA:15,3,0,0
BRDA:15,3,1,0
BRDA:16,4,0,0
BRDA:16,4,1,0
BRDA:17,5,0,0
BRDA:17,5,1,0
BRDA:19,6,0,0
BRDA:19,6,1,0
BRDA:23,7,0,0
BRDA:36,8,0,0
BRDA:48,9,0,0
BRDA:48,9,1,0
BRDA:65,10,0,0
BRDA:74,11,0,0
BRDA:74,11,1,0
BRDA:77,12,0,0
BRDA:77,12,1,0
BRDA:91,13,0,0
BRDA:103,14,0,0
BRDA:114,15,0,0
BRDA:114,15,1,0
BRDA:117,16,0,0
BRDA:117,16,1,0
BRDA:128,17,0,0
BRDA:128,17,1,0
BRDA:134,18,0,0
BRDA:134,18,1,0
BRDA:154,19,0,0
BRDA:161,20,0,0
BRDA:161,20,1,0
BRDA:162,21,0,0
BRDA:162,21,1,0
BRDA:173,22,0,0
BRDA:188,23,0,0
BRF:40
BRH:0
end_of_record
TN:
SF:src/timeout.ts
FN:17,withTimeout
FN:30,(anonymous_1)
FN:31,(anonymous_2)
FN:49,(anonymous_3)
FN:50,(anonymous_4)
FN:87,createAbortableTask
FN:91,(anonymous_6)
FN:102,(anonymous_7)
FN:103,(anonymous_8)
FN:112,(anonymous_9)
FNF:10
FNH:0
FNDA:0,withTimeout
FNDA:0,(anonymous_1)
FNDA:0,(anonymous_2)
FNDA:0,(anonymous_3)
FNDA:0,(anonymous_4)
FNDA:0,createAbortableTask
FNDA:0,(anonymous_6)
FNDA:0,(anonymous_7)
FNDA:0,(anonymous_8)
FNDA:0,(anonymous_9)
DA:1,0
DA:17,0
DA:21,0
DA:26,0
DA:27,0
DA:28,0
DA:30,0
DA:31,0
DA:32,0
DA:33,0
DA:34,0
DA:38,0
DA:39,0
DA:41,0
DA:42,0
DA:49,0
DA:50,0
DA:51,0
DA:52,0
DA:56,0
DA:57,0
DA:59,0
DA:60,0
DA:68,0
DA:70,0
DA:71,0
DA:78,0
DA:81,0
DA:82,0
DA:87,0
DA:91,0
DA:92,0
DA:93,0
DA:96,0
DA:98,0
DA:99,0
DA:102,0
DA:103,0
DA:104,0
DA:107,0
DA:109,0
DA:113,0
LF:42
LH:0
BRDA:27,0,0,0
BRDA:27,0,1,0
BRDA:70,1,0,0
BRDA:81,2,0,0
BRDA:92,3,0,0
BRDA:98,4,0,0
BRF:6
BRH:0
end_of_record
TN:
SF:src/types.ts
FN:104,(anonymous_0)
FNF:1
FNH:0
FNDA:0,(anonymous_0)
DA:103,0
DA:104,0
DA:105,0
DA:106,0
LF:4
LH:0
BRF:0
BRH:0
end_of_record
